Info: Starting: Create block symbol file (.bsf)
Info: qsys-generate C:\Users\sleisle\Desktop\ee371_winter17\cpu-lab4\nios_system_checkersv3.qsys --block-symbol-file --output-directory=C:\Users\sleisle\Desktop\ee371_winter17\cpu-lab4\nios_system_checkersv3 --family="Cyclone V" --part=5CSEMA5F31C6
Progress: Loading cpu-lab4/nios_system_checkersv3.qsys
Progress: Reading input file
Progress: Adding clk_0 [clock_source 16.0]
Progress: Parameterizing module clk_0
Progress: Adding jtag_uart_0 [altera_avalon_jtag_uart 16.0]
Progress: Parameterizing module jtag_uart_0
Progress: Adding newData [altera_avalon_pio 16.0]
Progress: Parameterizing module newData
Progress: Adding nios2_qsys_0 [altera_nios2_gen2 16.0]
Progress: Parameterizing module nios2_qsys_0
Progress: Adding onchip_memory2_0 [altera_avalon_onchip_memory2 16.0]
Progress: Parameterizing module onchip_memory2_0
Progress: Adding receiveState [altera_avalon_pio 16.0]
Progress: Parameterizing module receiveState
Progress: Adding row1 [altera_avalon_pio 16.0]
Progress: Parameterizing module row1
Progress: Adding row2 [altera_avalon_pio 16.0]
Progress: Parameterizing module row2
Progress: Adding row3 [altera_avalon_pio 16.0]
Progress: Parameterizing module row3
Progress: Adding row4 [altera_avalon_pio 16.0]
Progress: Parameterizing module row4
Progress: Adding row5 [altera_avalon_pio 16.0]
Progress: Parameterizing module row5
Progress: Adding row6 [altera_avalon_pio 16.0]
Progress: Parameterizing module row6
Progress: Adding row7 [altera_avalon_pio 16.0]
Progress: Parameterizing module row7
Progress: Adding row8 [altera_avalon_pio 16.0]
Progress: Parameterizing module row8
Progress: Adding sendState [altera_avalon_pio 16.0]
Progress: Parameterizing module sendState
Progress: Building connections
Progress: Parameterizing connections
Progress: Validating
Progress: Done reading input file
Info: nios_system_checkersv3.jtag_uart_0: JTAG UART IP input clock need to be at least double (2x) the operating frequency of JTAG TCK on board
Info: nios_system_checkersv3.newData: PIO inputs are not hardwired in test bench. Undefined values will be read from PIO inputs during simulation.
Info: nios_system_checkersv3.receiveState: PIO inputs are not hardwired in test bench. Undefined values will be read from PIO inputs during simulation.
Info: nios_system_checkersv3.row1: PIO inputs are not hardwired in test bench. Undefined values will be read from PIO inputs during simulation.
Info: nios_system_checkersv3.row2: PIO inputs are not hardwired in test bench. Undefined values will be read from PIO inputs during simulation.
Info: nios_system_checkersv3.row3: PIO inputs are not hardwired in test bench. Undefined values will be read from PIO inputs during simulation.
Info: nios_system_checkersv3.row4: PIO inputs are not hardwired in test bench. Undefined values will be read from PIO inputs during simulation.
Info: nios_system_checkersv3.row5: PIO inputs are not hardwired in test bench. Undefined values will be read from PIO inputs during simulation.
Info: nios_system_checkersv3.row6: PIO inputs are not hardwired in test bench. Undefined values will be read from PIO inputs during simulation.
Info: nios_system_checkersv3.row7: PIO inputs are not hardwired in test bench. Undefined values will be read from PIO inputs during simulation.
Info: nios_system_checkersv3.row8: PIO inputs are not hardwired in test bench. Undefined values will be read from PIO inputs during simulation.
Info: qsys-generate succeeded.
Info: Finished: Create block symbol file (.bsf)
Info: 
Info: Starting: Create HDL design files for synthesis
Info: qsys-generate C:\Users\sleisle\Desktop\ee371_winter17\cpu-lab4\nios_system_checkersv3.qsys --synthesis=VERILOG --output-directory=C:\Users\sleisle\Desktop\ee371_winter17\cpu-lab4\nios_system_checkersv3\synthesis --family="Cyclone V" --part=5CSEMA5F31C6
Progress: Loading cpu-lab4/nios_system_checkersv3.qsys
Progress: Reading input file
Progress: Adding clk_0 [clock_source 16.0]
Progress: Parameterizing module clk_0
Progress: Adding jtag_uart_0 [altera_avalon_jtag_uart 16.0]
Progress: Parameterizing module jtag_uart_0
Progress: Adding newData [altera_avalon_pio 16.0]
Progress: Parameterizing module newData
Progress: Adding nios2_qsys_0 [altera_nios2_gen2 16.0]
Progress: Parameterizing module nios2_qsys_0
Progress: Adding onchip_memory2_0 [altera_avalon_onchip_memory2 16.0]
Progress: Parameterizing module onchip_memory2_0
Progress: Adding receiveState [altera_avalon_pio 16.0]
Progress: Parameterizing module receiveState
Progress: Adding row1 [altera_avalon_pio 16.0]
Progress: Parameterizing module row1
Progress: Adding row2 [altera_avalon_pio 16.0]
Progress: Parameterizing module row2
Progress: Adding row3 [altera_avalon_pio 16.0]
Progress: Parameterizing module row3
Progress: Adding row4 [altera_avalon_pio 16.0]
Progress: Parameterizing module row4
Progress: Adding row5 [altera_avalon_pio 16.0]
Progress: Parameterizing module row5
Progress: Adding row6 [altera_avalon_pio 16.0]
Progress: Parameterizing module row6
Progress: Adding row7 [altera_avalon_pio 16.0]
Progress: Parameterizing module row7
Progress: Adding row8 [altera_avalon_pio 16.0]
Progress: Parameterizing module row8
Progress: Adding sendState [altera_avalon_pio 16.0]
Progress: Parameterizing module sendState
Progress: Building connections
Progress: Parameterizing connections
Progress: Validating
Progress: Done reading input file
Info: nios_system_checkersv3.jtag_uart_0: JTAG UART IP input clock need to be at least double (2x) the operating frequency of JTAG TCK on board
Info: nios_system_checkersv3.newData: PIO inputs are not hardwired in test bench. Undefined values will be read from PIO inputs during simulation.
Info: nios_system_checkersv3.receiveState: PIO inputs are not hardwired in test bench. Undefined values will be read from PIO inputs during simulation.
Info: nios_system_checkersv3.row1: PIO inputs are not hardwired in test bench. Undefined values will be read from PIO inputs during simulation.
Info: nios_system_checkersv3.row2: PIO inputs are not hardwired in test bench. Undefined values will be read from PIO inputs during simulation.
Info: nios_system_checkersv3.row3: PIO inputs are not hardwired in test bench. Undefined values will be read from PIO inputs during simulation.
Info: nios_system_checkersv3.row4: PIO inputs are not hardwired in test bench. Undefined values will be read from PIO inputs during simulation.
Info: nios_system_checkersv3.row5: PIO inputs are not hardwired in test bench. Undefined values will be read from PIO inputs during simulation.
Info: nios_system_checkersv3.row6: PIO inputs are not hardwired in test bench. Undefined values will be read from PIO inputs during simulation.
Info: nios_system_checkersv3.row7: PIO inputs are not hardwired in test bench. Undefined values will be read from PIO inputs during simulation.
Info: nios_system_checkersv3.row8: PIO inputs are not hardwired in test bench. Undefined values will be read from PIO inputs during simulation.
Info: nios_system_checkersv3: Generating nios_system_checkersv3 "nios_system_checkersv3" for QUARTUS_SYNTH
Info: jtag_uart_0: Starting RTL generation for module 'nios_system_checkersv3_jtag_uart_0'
Info: jtag_uart_0:   Generation command is [exec C:/altera/16.0/quartus/bin64/perl/bin/perl.exe -I C:/altera/16.0/quartus/bin64/perl/lib -I C:/altera/16.0/quartus/sopc_builder/bin/europa -I C:/altera/16.0/quartus/sopc_builder/bin/perl_lib -I C:/altera/16.0/quartus/sopc_builder/bin -I C:/altera/16.0/quartus/../ip/altera/sopc_builder_ip/common -I C:/altera/16.0/quartus/../ip/altera/sopc_builder_ip/altera_avalon_jtag_uart -- C:/altera/16.0/quartus/../ip/altera/sopc_builder_ip/altera_avalon_jtag_uart/generate_rtl.pl --name=nios_system_checkersv3_jtag_uart_0 --dir=C:/Users/sleisle/AppData/Local/Temp/alt7236_5964899172739354053.dir/0001_jtag_uart_0_gen/ --quartus_dir=C:/altera/16.0/quartus --verilog --config=C:/Users/sleisle/AppData/Local/Temp/alt7236_5964899172739354053.dir/0001_jtag_uart_0_gen//nios_system_checkersv3_jtag_uart_0_component_configuration.pl  --do_build_sim=0  ]
Info: jtag_uart_0: Done RTL generation for module 'nios_system_checkersv3_jtag_uart_0'
Info: jtag_uart_0: "nios_system_checkersv3" instantiated altera_avalon_jtag_uart "jtag_uart_0"
Info: newData: Starting RTL generation for module 'nios_system_checkersv3_newData'
Info: newData:   Generation command is [exec C:/altera/16.0/quartus/bin64/perl/bin/perl.exe -I C:/altera/16.0/quartus/bin64/perl/lib -I C:/altera/16.0/quartus/sopc_builder/bin/europa -I C:/altera/16.0/quartus/sopc_builder/bin/perl_lib -I C:/altera/16.0/quartus/sopc_builder/bin -I C:/altera/16.0/quartus/../ip/altera/sopc_builder_ip/common -I C:/altera/16.0/quartus/../ip/altera/sopc_builder_ip/altera_avalon_pio -- C:/altera/16.0/quartus/../ip/altera/sopc_builder_ip/altera_avalon_pio/generate_rtl.pl --name=nios_system_checkersv3_newData --dir=C:/Users/sleisle/AppData/Local/Temp/alt7236_5964899172739354053.dir/0002_newData_gen/ --quartus_dir=C:/altera/16.0/quartus --verilog --config=C:/Users/sleisle/AppData/Local/Temp/alt7236_5964899172739354053.dir/0002_newData_gen//nios_system_checkersv3_newData_component_configuration.pl  --do_build_sim=0  ]
Info: newData: Done RTL generation for module 'nios_system_checkersv3_newData'
Info: newData: "nios_system_checkersv3" instantiated altera_avalon_pio "newData"
Info: nios2_qsys_0: "nios_system_checkersv3" instantiated altera_nios2_gen2 "nios2_qsys_0"
Info: onchip_memory2_0: Starting RTL generation for module 'nios_system_checkersv3_onchip_memory2_0'
Info: onchip_memory2_0:   Generation command is [exec C:/altera/16.0/quartus/bin64/perl/bin/perl.exe -I C:/altera/16.0/quartus/bin64/perl/lib -I C:/altera/16.0/quartus/sopc_builder/bin/europa -I C:/altera/16.0/quartus/sopc_builder/bin/perl_lib -I C:/altera/16.0/quartus/sopc_builder/bin -I C:/altera/16.0/quartus/../ip/altera/sopc_builder_ip/common -I C:/altera/16.0/quartus/../ip/altera/sopc_builder_ip/altera_avalon_onchip_memory2 -- C:/altera/16.0/quartus/../ip/altera/sopc_builder_ip/altera_avalon_onchip_memory2/generate_rtl.pl --name=nios_system_checkersv3_onchip_memory2_0 --dir=C:/Users/sleisle/AppData/Local/Temp/alt7236_5964899172739354053.dir/0003_onchip_memory2_0_gen/ --quartus_dir=C:/altera/16.0/quartus --verilog --config=C:/Users/sleisle/AppData/Local/Temp/alt7236_5964899172739354053.dir/0003_onchip_memory2_0_gen//nios_system_checkersv3_onchip_memory2_0_component_configuration.pl  --do_build_sim=0  ]
Info: onchip_memory2_0: Done RTL generation for module 'nios_system_checkersv3_onchip_memory2_0'
Info: onchip_memory2_0: "nios_system_checkersv3" instantiated altera_avalon_onchip_memory2 "onchip_memory2_0"
Info: row1: Starting RTL generation for module 'nios_system_checkersv3_row1'
Info: row1:   Generation command is [exec C:/altera/16.0/quartus/bin64/perl/bin/perl.exe -I C:/altera/16.0/quartus/bin64/perl/lib -I C:/altera/16.0/quartus/sopc_builder/bin/europa -I C:/altera/16.0/quartus/sopc_builder/bin/perl_lib -I C:/altera/16.0/quartus/sopc_builder/bin -I C:/altera/16.0/quartus/../ip/altera/sopc_builder_ip/common -I C:/altera/16.0/quartus/../ip/altera/sopc_builder_ip/altera_avalon_pio -- C:/altera/16.0/quartus/../ip/altera/sopc_builder_ip/altera_avalon_pio/generate_rtl.pl --name=nios_system_checkersv3_row1 --dir=C:/Users/sleisle/AppData/Local/Temp/alt7236_5964899172739354053.dir/0004_row1_gen/ --quartus_dir=C:/altera/16.0/quartus --verilog --config=C:/Users/sleisle/AppData/Local/Temp/alt7236_5964899172739354053.dir/0004_row1_gen//nios_system_checkersv3_row1_component_configuration.pl  --do_build_sim=0  ]
Info: row1: Done RTL generation for module 'nios_system_checkersv3_row1'
Info: row1: "nios_system_checkersv3" instantiated altera_avalon_pio "row1"
Info: sendState: Starting RTL generation for module 'nios_system_checkersv3_sendState'
Info: sendState:   Generation command is [exec C:/altera/16.0/quartus/bin64/perl/bin/perl.exe -I C:/altera/16.0/quartus/bin64/perl/lib -I C:/altera/16.0/quartus/sopc_builder/bin/europa -I C:/altera/16.0/quartus/sopc_builder/bin/perl_lib -I C:/altera/16.0/quartus/sopc_builder/bin -I C:/altera/16.0/quartus/../ip/altera/sopc_builder_ip/common -I C:/altera/16.0/quartus/../ip/altera/sopc_builder_ip/altera_avalon_pio -- C:/altera/16.0/quartus/../ip/altera/sopc_builder_ip/altera_avalon_pio/generate_rtl.pl --name=nios_system_checkersv3_sendState --dir=C:/Users/sleisle/AppData/Local/Temp/alt7236_5964899172739354053.dir/0005_sendState_gen/ --quartus_dir=C:/altera/16.0/quartus --verilog --config=C:/Users/sleisle/AppData/Local/Temp/alt7236_5964899172739354053.dir/0005_sendState_gen//nios_system_checkersv3_sendState_component_configuration.pl  --do_build_sim=0  ]
Info: sendState: Done RTL generation for module 'nios_system_checkersv3_sendState'
Info: sendState: "nios_system_checkersv3" instantiated altera_avalon_pio "sendState"
Info: avalon_st_adapter: Inserting error_adapter: error_adapter_0
Info: avalon_st_adapter_001: Inserting error_adapter: error_adapter_0
Info: avalon_st_adapter_002: Inserting error_adapter: error_adapter_0
Info: avalon_st_adapter_003: Inserting error_adapter: error_adapter_0
Info: avalon_st_adapter_004: Inserting error_adapter: error_adapter_0
Info: avalon_st_adapter_005: Inserting error_adapter: error_adapter_0
Info: avalon_st_adapter_006: Inserting error_adapter: error_adapter_0
Info: avalon_st_adapter_007: Inserting error_adapter: error_adapter_0
Info: avalon_st_adapter_008: Inserting error_adapter: error_adapter_0
Info: avalon_st_adapter_009: Inserting error_adapter: error_adapter_0
Info: avalon_st_adapter_010: Inserting error_adapter: error_adapter_0
Info: avalon_st_adapter_011: Inserting error_adapter: error_adapter_0
Info: avalon_st_adapter_012: Inserting error_adapter: error_adapter_0
Info: avalon_st_adapter_013: Inserting error_adapter: error_adapter_0
Info: mm_interconnect_0: "nios_system_checkersv3" instantiated altera_mm_interconnect "mm_interconnect_0"
Info: irq_mapper: "nios_system_checkersv3" instantiated altera_irq_mapper "irq_mapper"
Info: rst_controller: "nios_system_checkersv3" instantiated altera_reset_controller "rst_controller"
Info: cpu: Starting RTL generation for module 'nios_system_checkersv3_nios2_qsys_0_cpu'
Info: cpu:   Generation command is [exec C:/altera/16.0/quartus/bin64//eperlcmd.exe -I C:/altera/16.0/quartus/bin64//perl/lib -I C:/altera/16.0/quartus/sopc_builder/bin/europa -I C:/altera/16.0/quartus/sopc_builder/bin/perl_lib -I C:/altera/16.0/quartus/sopc_builder/bin -I C:/altera/16.0/quartus/../ip/altera/nios2_ip/altera_nios2_gen2/cpu_lib -I C:/altera/16.0/quartus/../ip/altera/nios2_ip/altera_nios2_gen2/nios_lib -I C:/altera/16.0/quartus/../ip/altera/nios2_ip/altera_nios2_gen2 -I C:/altera/16.0/quartus/../ip/altera/nios2_ip/altera_nios2_gen2 -- C:/altera/16.0/quartus/../ip/altera/nios2_ip/altera_nios2_gen2/generate_rtl.epl --name=nios_system_checkersv3_nios2_qsys_0_cpu --dir=C:/Users/sleisle/AppData/Local/Temp/alt7236_5964899172739354053.dir/0008_cpu_gen/ --quartus_bindir=C:/altera/16.0/quartus/bin64/ --verilog --config=C:/Users/sleisle/AppData/Local/Temp/alt7236_5964899172739354053.dir/0008_cpu_gen//nios_system_checkersv3_nios2_qsys_0_cpu_processor_configuration.pl  --do_build_sim=0  ]
Info: cpu: # 2017.03.10 19:07:04 (*) Starting Nios II generation
Info: cpu: # 2017.03.10 19:07:04 (*)   Checking for plaintext license.
Info: cpu: # 2017.03.10 19:07:04 (*)   Couldn't query license setup in Quartus directory C:/altera/16.0/quartus/bin64/
Info: cpu: # 2017.03.10 19:07:04 (*)   Defaulting to contents of LM_LICENSE_FILE environment variable
Info: cpu: # 2017.03.10 19:07:04 (*)   Plaintext license not found.
Info: cpu: # 2017.03.10 19:07:04 (*)   No license required to generate encrypted Nios II/e.
Info: cpu: # 2017.03.10 19:07:04 (*)   Elaborating CPU configuration settings
Info: cpu: # 2017.03.10 19:07:04 (*)   Creating all objects for CPU
Info: cpu: # 2017.03.10 19:07:05 (*)   Generating RTL from CPU objects
Info: cpu: # 2017.03.10 19:07:05 (*)   Creating plain-text RTL
Info: cpu: # 2017.03.10 19:07:06 (*) Done Nios II generation
Info: cpu: Done RTL generation for module 'nios_system_checkersv3_nios2_qsys_0_cpu'
Info: cpu: "nios2_qsys_0" instantiated altera_nios2_gen2_unit "cpu"
Info: nios2_qsys_0_data_master_translator: "mm_interconnect_0" instantiated altera_merlin_master_translator "nios2_qsys_0_data_master_translator"
Info: jtag_uart_0_avalon_jtag_slave_translator: "mm_interconnect_0" instantiated altera_merlin_slave_translator "jtag_uart_0_avalon_jtag_slave_translator"
Info: nios2_qsys_0_data_master_agent: "mm_interconnect_0" instantiated altera_merlin_master_agent "nios2_qsys_0_data_master_agent"
Info: jtag_uart_0_avalon_jtag_slave_agent: "mm_interconnect_0" instantiated altera_merlin_slave_agent "jtag_uart_0_avalon_jtag_slave_agent"
Info: jtag_uart_0_avalon_jtag_slave_agent_rsp_fifo: "mm_interconnect_0" instantiated altera_avalon_sc_fifo "jtag_uart_0_avalon_jtag_slave_agent_rsp_fifo"
Info: router: "mm_interconnect_0" instantiated altera_merlin_router "router"
Info: router_001: "mm_interconnect_0" instantiated altera_merlin_router "router_001"
Info: router_002: "mm_interconnect_0" instantiated altera_merlin_router "router_002"
Info: router_003: "mm_interconnect_0" instantiated altera_merlin_router "router_003"
Info: cmd_demux: "mm_interconnect_0" instantiated altera_merlin_demultiplexer "cmd_demux"
Info: cmd_demux_001: "mm_interconnect_0" instantiated altera_merlin_demultiplexer "cmd_demux_001"
Info: cmd_mux: "mm_interconnect_0" instantiated altera_merlin_multiplexer "cmd_mux"
Info: cmd_mux_001: "mm_interconnect_0" instantiated altera_merlin_multiplexer "cmd_mux_001"
Info: Reusing file C:/Users/sleisle/Desktop/ee371_winter17/cpu-lab4/nios_system_checkersv3/synthesis/submodules/altera_merlin_arbitrator.sv
Info: rsp_demux: "mm_interconnect_0" instantiated altera_merlin_demultiplexer "rsp_demux"
Info: rsp_mux: "mm_interconnect_0" instantiated altera_merlin_multiplexer "rsp_mux"
Info: Reusing file C:/Users/sleisle/Desktop/ee371_winter17/cpu-lab4/nios_system_checkersv3/synthesis/submodules/altera_merlin_arbitrator.sv
Info: rsp_mux_001: "mm_interconnect_0" instantiated altera_merlin_multiplexer "rsp_mux_001"
Info: Reusing file C:/Users/sleisle/Desktop/ee371_winter17/cpu-lab4/nios_system_checkersv3/synthesis/submodules/altera_merlin_arbitrator.sv
Info: avalon_st_adapter: "mm_interconnect_0" instantiated altera_avalon_st_adapter "avalon_st_adapter"
Info: error_adapter_0: "avalon_st_adapter" instantiated error_adapter "error_adapter_0"
Info: nios_system_checkersv3: Done "nios_system_checkersv3" with 29 modules, 41 files
Info: qsys-generate succeeded.
Info: Finished: Create HDL design files for synthesis
