Assembler report for DE1_SoC
Thu Mar 09 16:42:36 2017
Quartus Prime Version 16.0.0 Build 211 04/27/2016 SJ Standard Edition


---------------------
; Table of Contents ;
---------------------
  1. Legal Notice
  2. Assembler Summary
  3. Assembler Settings
  4. Assembler Generated Files
  5. Assembler Device Options: C:/Users/acf8/Desktop/ee371_winter17/output_files/DE1_SoC.sof
  6. Assembler Messages



----------------
; Legal Notice ;
----------------
Copyright (C) 1991-2016 Altera Corporation. All rights reserved.
Your use of Altera Corporation's design tools, logic functions 
and other software and tools, and its AMPP partner logic 
functions, and any output files from any of the foregoing 
(including device programming or simulation files), and any 
associated documentation or information are expressly subject 
to the terms and conditions of the Altera Program License 
Subscription Agreement, the Altera Quartus Prime License Agreement,
the Altera MegaCore Function License Agreement, or other 
applicable license agreement, including, without limitation, 
that your use is for the sole purpose of programming logic 
devices manufactured by Altera and sold by Altera or its 
authorized distributors.  Please refer to the applicable 
agreement for further details.



+---------------------------------------------------------------+
; Assembler Summary                                             ;
+-----------------------+---------------------------------------+
; Assembler Status      ; Successful - Thu Mar 09 16:42:36 2017 ;
; Revision Name         ; DE1_SoC                               ;
; Top-level Entity Name ; lab5TopLevel                          ;
; Family                ; Cyclone V                             ;
; Device                ; 5CSEMA5F31C6                          ;
+-----------------------+---------------------------------------+


+----------------------------------+
; Assembler Settings               ;
+--------+---------+---------------+
; Option ; Setting ; Default Value ;
+--------+---------+---------------+


+---------------------------------------------------------------+
; Assembler Generated Files                                     ;
+---------------------------------------------------------------+
; File Name                                                     ;
+---------------------------------------------------------------+
; C:/Users/acf8/Desktop/ee371_winter17/output_files/DE1_SoC.sof ;
+---------------------------------------------------------------+


+-----------------------------------------------------------------------------------------+
; Assembler Device Options: C:/Users/acf8/Desktop/ee371_winter17/output_files/DE1_SoC.sof ;
+----------------+------------------------------------------------------------------------+
; Option         ; Setting                                                                ;
+----------------+------------------------------------------------------------------------+
; Device         ; 5CSEMA5F31C6                                                           ;
; JTAG usercode  ; 0x00C6186D                                                             ;
; Checksum       ; 0x00C6186D                                                             ;
+----------------+------------------------------------------------------------------------+


+--------------------+
; Assembler Messages ;
+--------------------+
Info: *******************************************************************
Info: Running Quartus Prime Assembler
    Info: Version 16.0.0 Build 211 04/27/2016 SJ Standard Edition
    Info: Processing started: Thu Mar 09 16:42:29 2017
Info: Command: quartus_asm --read_settings_files=off --write_settings_files=off DE1_SoC -c DE1_SoC
Info (115030): Assembler is generating device programming files
Info: Quartus Prime Assembler was successful. 0 errors, 0 warnings
    Info: Peak virtual memory: 925 megabytes
    Info: Processing ended: Thu Mar 09 16:42:36 2017
    Info: Elapsed time: 00:00:07
    Info: Total CPU time (on all processors): 00:00:07


