Flow report for DE1_SoC
Tue Mar 07 15:13:43 2017
Quartus Prime Version 16.0.0 Build 211 04/27/2016 SJ Standard Edition


---------------------
; Table of Contents ;
---------------------
  1. Legal Notice
  2. Flow Summary
  3. Flow Settings
  4. Flow Non-Default Global Settings
  5. Flow Elapsed Time
  6. Flow OS Summary
  7. Flow Log
  8. Flow Messages
  9. Flow Suppressed Messages



----------------
; Legal Notice ;
----------------
Copyright (C) 1991-2016 Altera Corporation. All rights reserved.
Your use of Altera Corporation's design tools, logic functions 
and other software and tools, and its AMPP partner logic 
functions, and any output files from any of the foregoing 
(including device programming or simulation files), and any 
associated documentation or information are expressly subject 
to the terms and conditions of the Altera Program License 
Subscription Agreement, the Altera Quartus Prime License Agreement,
the Altera MegaCore Function License Agreement, or other 
applicable license agreement, including, without limitation, 
that your use is for the sole purpose of programming logic 
devices manufactured by Altera and sold by Altera or its 
authorized distributors.  Please refer to the applicable 
agreement for further details.



+-----------------------------------------------------------------------------------+
; Flow Summary                                                                      ;
+---------------------------------+-------------------------------------------------+
; Flow Status                     ; Successful - Tue Mar 07 15:13:43 2017           ;
; Quartus Prime Version           ; 16.0.0 Build 211 04/27/2016 SJ Standard Edition ;
; Revision Name                   ; DE1_SoC                                         ;
; Top-level Entity Name           ; lab5TopLevel                                    ;
; Family                          ; Cyclone V                                       ;
; Device                          ; 5CSEMA5F31C6                                    ;
; Timing Models                   ; Final                                           ;
; Logic utilization (in ALMs)     ; 199 / 32,070 ( < 1 % )                          ;
; Total registers                 ; 165                                             ;
; Total pins                      ; 128 / 457 ( 28 % )                              ;
; Total virtual pins              ; 0                                               ;
; Total block memory bits         ; 0 / 4,065,280 ( 0 % )                           ;
; Total DSP Blocks                ; 0 / 87 ( 0 % )                                  ;
; Total HSSI RX PCSs              ; 0                                               ;
; Total HSSI PMA RX Deserializers ; 0                                               ;
; Total HSSI TX PCSs              ; 0                                               ;
; Total HSSI PMA TX Serializers   ; 0                                               ;
; Total PLLs                      ; 0 / 6 ( 0 % )                                   ;
; Total DLLs                      ; 0 / 4 ( 0 % )                                   ;
+---------------------------------+-------------------------------------------------+


+-----------------------------------------+
; Flow Settings                           ;
+-------------------+---------------------+
; Option            ; Setting             ;
+-------------------+---------------------+
; Start date & time ; 03/07/2017 15:12:28 ;
; Main task         ; Compilation         ;
; Revision Name     ; DE1_SoC             ;
+-------------------+---------------------+


+---------------------------------------------------------------------------------------------------------------------------------------------------------------------------+
; Flow Non-Default Global Settings                                                                                                                                          ;
+-------------------------------------+-----------------------------------------------------------------------------+---------------+----------------------+----------------+
; Assignment Name                     ; Value                                                                       ; Default Value ; Entity Name          ; Section Id     ;
+-------------------------------------+-----------------------------------------------------------------------------+---------------+----------------------+----------------+
; COMPILER_SIGNATURE_ID               ; 273440549346168.148892834804256                                             ; --            ; --                   ; --             ;
; EDA_OUTPUT_DATA_FORMAT              ; Systemverilog Hdl                                                           ; --            ; --                   ; eda_simulation ;
; EDA_SIMULATION_TOOL                 ; ModelSim-Altera (SystemVerilog)                                             ; <None>        ; --                   ; --             ;
; ENABLE_SIGNALTAP                    ; Off                                                                         ; --            ; --                   ; --             ;
; MAX_CORE_JUNCTION_TEMP              ; 85                                                                          ; --            ; --                   ; --             ;
; MIN_CORE_JUNCTION_TEMP              ; 0                                                                           ; --            ; --                   ; --             ;
; MISC_FILE                           ; cpu-lab4/nios_system_checkers/synthesis/../nios_system_checkers.cmp         ; --            ; --                   ; --             ;
; MISC_FILE                           ; cpu-lab4/nios_system_checkers/synthesis/../../nios_system_checkers.qsys     ; --            ; --                   ; --             ;
; NUM_PARALLEL_PROCESSORS             ; 4                                                                           ; --            ; --                   ; --             ;
; PARTITION_COLOR                     ; 16764057                                                                    ; --            ; lab5TopLevel         ; Top            ;
; PARTITION_FITTER_PRESERVATION_LEVEL ; PLACEMENT_AND_ROUTING                                                       ; --            ; lab5TopLevel         ; Top            ;
; PARTITION_NETLIST_TYPE              ; SOURCE                                                                      ; --            ; lab5TopLevel         ; Top            ;
; POWER_BOARD_THERMAL_MODEL           ; None (CONSERVATIVE)                                                         ; --            ; --                   ; --             ;
; POWER_PRESET_COOLING_SOLUTION       ; 23 MM HEAT SINK WITH 200 LFPM AIRFLOW                                       ; --            ; --                   ; --             ;
; PROJECT_OUTPUT_DIRECTORY            ; output_files                                                                ; --            ; --                   ; --             ;
; SLD_FILE                            ; cpu-lab4/nios_system_checkers/synthesis/nios_system_checkers.regmap         ; --            ; --                   ; --             ;
; SLD_FILE                            ; cpu-lab4/nios_system_checkers/synthesis/nios_system_checkers.debuginfo      ; --            ; --                   ; --             ;
; SLD_INFO                            ; QSYS_NAME nios_system_checkers HAS_SOPCINFO 1 GENERATION_ID 1488666586      ; --            ; nios_system_checkers ; --             ;
; SOPCINFO_FILE                       ; cpu-lab4/nios_system_checkers/synthesis/../../nios_system_checkers.sopcinfo ; --            ; --                   ; --             ;
; STATE_MACHINE_PROCESSING            ; User-Encoded                                                                ; Auto          ; --                   ; --             ;
; SYNTHESIS_ONLY_QIP                  ; On                                                                          ; --            ; --                   ; --             ;
; TOP_LEVEL_ENTITY                    ; lab5TopLevel                                                                ; DE1_SoC       ; --                   ; --             ;
; USE_SIGNALTAP_FILE                  ; stp1.stp                                                                    ; --            ; --                   ; --             ;
+-------------------------------------+-----------------------------------------------------------------------------+---------------+----------------------+----------------+


+-------------------------------------------------------------------------------------------------------------------------------+
; Flow Elapsed Time                                                                                                             ;
+---------------------------+--------------+-------------------------+---------------------+------------------------------------+
; Module Name               ; Elapsed Time ; Average Processors Used ; Peak Virtual Memory ; Total CPU Time (on all processors) ;
+---------------------------+--------------+-------------------------+---------------------+------------------------------------+
; Analysis & Synthesis      ; 00:00:12     ; 1.0                     ; 954 MB              ; 00:00:25                           ;
; Fitter                    ; 00:00:42     ; 1.0                     ; 2747 MB             ; 00:01:26                           ;
; Assembler                 ; 00:00:07     ; 1.0                     ; 925 MB              ; 00:00:07                           ;
; TimeQuest Timing Analyzer ; 00:00:08     ; 1.1                     ; 1257 MB             ; 00:00:08                           ;
; EDA Netlist Writer        ; 00:00:01     ; 1.0                     ; 848 MB              ; 00:00:02                           ;
; Total                     ; 00:01:10     ; --                      ; --                  ; 00:02:08                           ;
+---------------------------+--------------+-------------------------+---------------------+------------------------------------+


+----------------------------------------------------------------------------------------+
; Flow OS Summary                                                                        ;
+---------------------------+------------------+-----------+------------+----------------+
; Module Name               ; Machine Hostname ; OS Name   ; OS Version ; Processor type ;
+---------------------------+------------------+-----------+------------+----------------+
; Analysis & Synthesis      ; EE-137PC24       ; Windows 8 ; 6.2        ; x86_64         ;
; Fitter                    ; EE-137PC24       ; Windows 8 ; 6.2        ; x86_64         ;
; Assembler                 ; EE-137PC24       ; Windows 8 ; 6.2        ; x86_64         ;
; TimeQuest Timing Analyzer ; EE-137PC24       ; Windows 8 ; 6.2        ; x86_64         ;
; EDA Netlist Writer        ; EE-137PC24       ; Windows 8 ; 6.2        ; x86_64         ;
+---------------------------+------------------+-----------+------------+----------------+


------------
; Flow Log ;
------------
quartus_map --read_settings_files=on --write_settings_files=off DE1_SoC -c DE1_SoC
quartus_fit --read_settings_files=off --write_settings_files=off DE1_SoC -c DE1_SoC
quartus_asm --read_settings_files=off --write_settings_files=off DE1_SoC -c DE1_SoC
quartus_sta DE1_SoC -c DE1_SoC
quartus_eda --read_settings_files=off --write_settings_files=off DE1_SoC -c DE1_SoC



