Info: Starting: Create block symbol file (.bsf)
Info: qsys-generate U:\cpu-lab4\nios_systemv2.qsys --block-symbol-file --output-directory=U:\cpu-lab4\nios_systemv2 --family="Cyclone V" --part=5CSEMA5F31C6
Progress: Loading cpu-lab4/nios_systemv2.qsys
Progress: Reading input file
Progress: Adding LEDs [altera_avalon_pio 16.0]
Progress: Parameterizing module LEDs
Progress: Adding clk_0 [clock_source 16.0]
Progress: Parameterizing module clk_0
Progress: Adding jtag_uart_0 [altera_avalon_jtag_uart 16.0]
Progress: Parameterizing module jtag_uart_0
Progress: Adding nios2_qsys_0 [altera_nios2_qsys 16.0]
Progress: Parameterizing module nios2_qsys_0
Progress: Adding onchip_memory2_0 [altera_avalon_onchip_memory2 16.0]
Progress: Parameterizing module onchip_memory2_0
Progress: Adding switches [altera_avalon_pio 16.0]
Progress: Parameterizing module switches
Progress: Building connections
Progress: Parameterizing connections
Progress: Validating
Progress: Done reading input file
Info: nios_systemv2.jtag_uart_0: JTAG UART IP input clock need to be at least double (2x) the operating frequency of JTAG TCK on board
Warning: nios_systemv2.nios2_qsys_0: Nios II Classic cores are no longer recommended for new projects
Info: nios_systemv2.switches: PIO inputs are not hardwired in test bench. Undefined values will be read from PIO inputs during simulation.
Info: qsys-generate succeeded.
Info: Finished: Create block symbol file (.bsf)
Info: 
Info: Starting: Create HDL design files for synthesis
Info: qsys-generate U:\cpu-lab4\nios_systemv2.qsys --synthesis=VERILOG --output-directory=U:\cpu-lab4\nios_systemv2\synthesis --family="Cyclone V" --part=5CSEMA5F31C6
Progress: Loading cpu-lab4/nios_systemv2.qsys
Progress: Reading input file
Progress: Adding LEDs [altera_avalon_pio 16.0]
Progress: Parameterizing module LEDs
Progress: Adding clk_0 [clock_source 16.0]
Progress: Parameterizing module clk_0
Progress: Adding jtag_uart_0 [altera_avalon_jtag_uart 16.0]
Progress: Parameterizing module jtag_uart_0
Progress: Adding nios2_qsys_0 [altera_nios2_qsys 16.0]
Progress: Parameterizing module nios2_qsys_0
Progress: Adding onchip_memory2_0 [altera_avalon_onchip_memory2 16.0]
Progress: Parameterizing module onchip_memory2_0
Progress: Adding switches [altera_avalon_pio 16.0]
Progress: Parameterizing module switches
Progress: Building connections
Progress: Parameterizing connections
Progress: Validating
Progress: Done reading input file
Info: nios_systemv2.jtag_uart_0: JTAG UART IP input clock need to be at least double (2x) the operating frequency of JTAG TCK on board
Warning: nios_systemv2.nios2_qsys_0: Nios II Classic cores are no longer recommended for new projects
Info: nios_systemv2.switches: PIO inputs are not hardwired in test bench. Undefined values will be read from PIO inputs during simulation.
Info: nios_systemv2: Generating nios_systemv2 "nios_systemv2" for QUARTUS_SYNTH
Info: LEDs: Starting RTL generation for module 'nios_systemv2_LEDs'
Info: LEDs:   Generation command is [exec C:/altera/16.0/quartus/bin64/perl/bin/perl.exe -I C:/altera/16.0/quartus/bin64/perl/lib -I C:/altera/16.0/quartus/sopc_builder/bin/europa -I C:/altera/16.0/quartus/sopc_builder/bin/perl_lib -I C:/altera/16.0/quartus/sopc_builder/bin -I C:/altera/16.0/quartus/../ip/altera/sopc_builder_ip/common -I C:/altera/16.0/quartus/../ip/altera/sopc_builder_ip/altera_avalon_pio -- C:/altera/16.0/quartus/../ip/altera/sopc_builder_ip/altera_avalon_pio/generate_rtl.pl --name=nios_systemv2_LEDs --dir=C:/Users/griffkee/AppData/Local/Temp/alt7221_5250002048157166460.dir/0001_LEDs_gen/ --quartus_dir=C:/altera/16.0/quartus --verilog --config=C:/Users/griffkee/AppData/Local/Temp/alt7221_5250002048157166460.dir/0001_LEDs_gen//nios_systemv2_LEDs_component_configuration.pl  --do_build_sim=0  ]
Info: LEDs: Done RTL generation for module 'nios_systemv2_LEDs'
Info: LEDs: "nios_systemv2" instantiated altera_avalon_pio "LEDs"
Info: jtag_uart_0: Starting RTL generation for module 'nios_systemv2_jtag_uart_0'
Info: jtag_uart_0:   Generation command is [exec C:/altera/16.0/quartus/bin64/perl/bin/perl.exe -I C:/altera/16.0/quartus/bin64/perl/lib -I C:/altera/16.0/quartus/sopc_builder/bin/europa -I C:/altera/16.0/quartus/sopc_builder/bin/perl_lib -I C:/altera/16.0/quartus/sopc_builder/bin -I C:/altera/16.0/quartus/../ip/altera/sopc_builder_ip/common -I C:/altera/16.0/quartus/../ip/altera/sopc_builder_ip/altera_avalon_jtag_uart -- C:/altera/16.0/quartus/../ip/altera/sopc_builder_ip/altera_avalon_jtag_uart/generate_rtl.pl --name=nios_systemv2_jtag_uart_0 --dir=C:/Users/griffkee/AppData/Local/Temp/alt7221_5250002048157166460.dir/0002_jtag_uart_0_gen/ --quartus_dir=C:/altera/16.0/quartus --verilog --config=C:/Users/griffkee/AppData/Local/Temp/alt7221_5250002048157166460.dir/0002_jtag_uart_0_gen//nios_systemv2_jtag_uart_0_component_configuration.pl  --do_build_sim=0  ]
Info: jtag_uart_0: Done RTL generation for module 'nios_systemv2_jtag_uart_0'
Info: jtag_uart_0: "nios_systemv2" instantiated altera_avalon_jtag_uart "jtag_uart_0"
Info: nios2_qsys_0: Starting RTL generation for module 'nios_systemv2_nios2_qsys_0'
Info: nios2_qsys_0:   Generation command is [exec C:/altera/16.0/quartus/bin64/eperlcmd.exe -I C:/altera/16.0/quartus/bin64/perl/lib -I C:/altera/16.0/quartus/sopc_builder/bin/europa -I C:/altera/16.0/quartus/sopc_builder/bin/perl_lib -I C:/altera/16.0/quartus/sopc_builder/bin -I C:/altera/16.0/quartus/../ip/altera/nios2_ip/altera_nios2/cpu_lib -I C:/altera/16.0/quartus/../ip/altera/nios2_ip/altera_nios2/nios_lib -I C:/altera/16.0/quartus/../ip/altera/nios2_ip/altera_nios2 -I C:/altera/16.0/quartus/../ip/altera/nios2_ip/altera_nios2 -- C:/altera/16.0/quartus/../ip/altera/nios2_ip/altera_nios2/generate_rtl.epl --name=nios_systemv2_nios2_qsys_0 --dir=C:/Users/griffkee/AppData/Local/Temp/alt7221_5250002048157166460.dir/0003_nios2_qsys_0_gen/ --quartus_bindir=C:/altera/16.0/quartus/bin64 --verilog --config=C:/Users/griffkee/AppData/Local/Temp/alt7221_5250002048157166460.dir/0003_nios2_qsys_0_gen//nios_systemv2_nios2_qsys_0_processor_configuration.pl  --do_build_sim=0  ]
Info: nios2_qsys_0: # 2017.02.23 20:11:54 (*) Starting Nios II generation
Info: nios2_qsys_0: # 2017.02.23 20:11:54 (*)   Checking for plaintext license.
Info: nios2_qsys_0: # 2017.02.23 20:11:54 (*)   Couldn't query license setup in Quartus directory C:/altera/16.0/quartus/bin64
Info: nios2_qsys_0: # 2017.02.23 20:11:54 (*)   Defaulting to contents of LM_LICENSE_FILE environment variable
Info: nios2_qsys_0: # 2017.02.23 20:11:54 (*)   Plaintext license not found.
Info: nios2_qsys_0: # 2017.02.23 20:11:54 (*)   No license required to generate encrypted Nios II/e.
Info: nios2_qsys_0: # 2017.02.23 20:11:54 (*)   Elaborating CPU configuration settings
Info: nios2_qsys_0: # 2017.02.23 20:11:54 (*)   Creating all objects for CPU
Info: nios2_qsys_0: # 2017.02.23 20:11:55 (*)   Generating RTL from CPU objects
Info: nios2_qsys_0: # 2017.02.23 20:11:55 (*)   Creating plain-text RTL
Info: nios2_qsys_0: # 2017.02.23 20:11:57 (*) Done Nios II generation
Info: nios2_qsys_0: Done RTL generation for module 'nios_systemv2_nios2_qsys_0'
Info: nios2_qsys_0: "nios_systemv2" instantiated altera_nios2_qsys "nios2_qsys_0"
Info: onchip_memory2_0: Starting RTL generation for module 'nios_systemv2_onchip_memory2_0'
Info: onchip_memory2_0:   Generation command is [exec C:/altera/16.0/quartus/bin64/perl/bin/perl.exe -I C:/altera/16.0/quartus/bin64/perl/lib -I C:/altera/16.0/quartus/sopc_builder/bin/europa -I C:/altera/16.0/quartus/sopc_builder/bin/perl_lib -I C:/altera/16.0/quartus/sopc_builder/bin -I C:/altera/16.0/quartus/../ip/altera/sopc_builder_ip/common -I C:/altera/16.0/quartus/../ip/altera/sopc_builder_ip/altera_avalon_onchip_memory2 -- C:/altera/16.0/quartus/../ip/altera/sopc_builder_ip/altera_avalon_onchip_memory2/generate_rtl.pl --name=nios_systemv2_onchip_memory2_0 --dir=C:/Users/griffkee/AppData/Local/Temp/alt7221_5250002048157166460.dir/0004_onchip_memory2_0_gen/ --quartus_dir=C:/altera/16.0/quartus --verilog --config=C:/Users/griffkee/AppData/Local/Temp/alt7221_5250002048157166460.dir/0004_onchip_memory2_0_gen//nios_systemv2_onchip_memory2_0_component_configuration.pl  --do_build_sim=0  ]
Info: onchip_memory2_0: Done RTL generation for module 'nios_systemv2_onchip_memory2_0'
Info: onchip_memory2_0: "nios_systemv2" instantiated altera_avalon_onchip_memory2 "onchip_memory2_0"
Info: switches: Starting RTL generation for module 'nios_systemv2_switches'
Info: switches:   Generation command is [exec C:/altera/16.0/quartus/bin64/perl/bin/perl.exe -I C:/altera/16.0/quartus/bin64/perl/lib -I C:/altera/16.0/quartus/sopc_builder/bin/europa -I C:/altera/16.0/quartus/sopc_builder/bin/perl_lib -I C:/altera/16.0/quartus/sopc_builder/bin -I C:/altera/16.0/quartus/../ip/altera/sopc_builder_ip/common -I C:/altera/16.0/quartus/../ip/altera/sopc_builder_ip/altera_avalon_pio -- C:/altera/16.0/quartus/../ip/altera/sopc_builder_ip/altera_avalon_pio/generate_rtl.pl --name=nios_systemv2_switches --dir=C:/Users/griffkee/AppData/Local/Temp/alt7221_5250002048157166460.dir/0005_switches_gen/ --quartus_dir=C:/altera/16.0/quartus --verilog --config=C:/Users/griffkee/AppData/Local/Temp/alt7221_5250002048157166460.dir/0005_switches_gen//nios_systemv2_switches_component_configuration.pl  --do_build_sim=0  ]
Info: switches: Done RTL generation for module 'nios_systemv2_switches'
Info: switches: "nios_systemv2" instantiated altera_avalon_pio "switches"
Info: avalon_st_adapter: Inserting error_adapter: error_adapter_0
Info: avalon_st_adapter_001: Inserting error_adapter: error_adapter_0
Info: avalon_st_adapter_002: Inserting error_adapter: error_adapter_0
Info: avalon_st_adapter_003: Inserting error_adapter: error_adapter_0
Info: avalon_st_adapter_004: Inserting error_adapter: error_adapter_0
Info: mm_interconnect_0: "nios_systemv2" instantiated altera_mm_interconnect "mm_interconnect_0"
Info: irq_mapper: "nios_systemv2" instantiated altera_irq_mapper "irq_mapper"
Info: rst_controller: "nios_systemv2" instantiated altera_reset_controller "rst_controller"
Info: nios2_qsys_0_data_master_translator: "mm_interconnect_0" instantiated altera_merlin_master_translator "nios2_qsys_0_data_master_translator"
Info: jtag_uart_0_avalon_jtag_slave_translator: "mm_interconnect_0" instantiated altera_merlin_slave_translator "jtag_uart_0_avalon_jtag_slave_translator"
Info: nios2_qsys_0_data_master_agent: "mm_interconnect_0" instantiated altera_merlin_master_agent "nios2_qsys_0_data_master_agent"
Info: jtag_uart_0_avalon_jtag_slave_agent: "mm_interconnect_0" instantiated altera_merlin_slave_agent "jtag_uart_0_avalon_jtag_slave_agent"
Info: jtag_uart_0_avalon_jtag_slave_agent_rsp_fifo: "mm_interconnect_0" instantiated altera_avalon_sc_fifo "jtag_uart_0_avalon_jtag_slave_agent_rsp_fifo"
Info: router: "mm_interconnect_0" instantiated altera_merlin_router "router"
Info: router_001: "mm_interconnect_0" instantiated altera_merlin_router "router_001"
Info: router_002: "mm_interconnect_0" instantiated altera_merlin_router "router_002"
Info: router_003: "mm_interconnect_0" instantiated altera_merlin_router "router_003"
Info: cmd_demux: "mm_interconnect_0" instantiated altera_merlin_demultiplexer "cmd_demux"
Info: cmd_demux_001: "mm_interconnect_0" instantiated altera_merlin_demultiplexer "cmd_demux_001"
Info: cmd_mux: "mm_interconnect_0" instantiated altera_merlin_multiplexer "cmd_mux"
Info: cmd_mux_001: "mm_interconnect_0" instantiated altera_merlin_multiplexer "cmd_mux_001"
Info: Reusing file U:/cpu-lab4/nios_systemv2/synthesis/submodules/altera_merlin_arbitrator.sv
Info: rsp_demux: "mm_interconnect_0" instantiated altera_merlin_demultiplexer "rsp_demux"
Info: rsp_mux: "mm_interconnect_0" instantiated altera_merlin_multiplexer "rsp_mux"
Info: Reusing file U:/cpu-lab4/nios_systemv2/synthesis/submodules/altera_merlin_arbitrator.sv
Info: rsp_mux_001: "mm_interconnect_0" instantiated altera_merlin_multiplexer "rsp_mux_001"
Info: Reusing file U:/cpu-lab4/nios_systemv2/synthesis/submodules/altera_merlin_arbitrator.sv
Info: avalon_st_adapter: "mm_interconnect_0" instantiated altera_avalon_st_adapter "avalon_st_adapter"
Info: error_adapter_0: "avalon_st_adapter" instantiated error_adapter "error_adapter_0"
Info: nios_systemv2: Done "nios_systemv2" with 27 modules, 41 files
Info: qsys-generate succeeded.
Info: Finished: Create HDL design files for synthesis
